Failure # 1 (occurred at 2023-11-30_16-30-52)
The actor died because of an error raised in its creation task, [36mray::PPO.__init__()[39m (pid=9195, ip=127.0.0.1, actor_id=4abafc5581e51c5bb8d2602a01000000, repr=PPO)
  File "/Users/joykhera/Library/Python/3.9/lib/python/site-packages/ray/rllib/evaluation/worker_set.py", line 227, in _setup
    self.add_workers(
  File "/Users/joykhera/Library/Python/3.9/lib/python/site-packages/ray/rllib/evaluation/worker_set.py", line 593, in add_workers
    raise result.get()
  File "/Users/joykhera/Library/Python/3.9/lib/python/site-packages/ray/rllib/utils/actor_manager.py", line 481, in __fetch_result
    result = ray.get(r)
ray.exceptions.RayActorError: The actor died because of an error raised in its creation task, [36mray::RolloutWorker.__init__()[39m (pid=9203, ip=127.0.0.1, actor_id=20e8bfdae15737ebd8ab81fd01000000, repr=<ray.rllib.evaluation.rollout_worker.RolloutWorker object at 0x348258280>)
  File "/Users/joykhera/Library/Python/3.9/lib/python/site-packages/ray/rllib/evaluation/rollout_worker.py", line 525, in __init__
    self._update_policy_map(policy_dict=self.policy_dict)
  File "/Users/joykhera/Library/Python/3.9/lib/python/site-packages/ray/rllib/evaluation/rollout_worker.py", line 1727, in _update_policy_map
    self._build_policy_map(
  File "/Users/joykhera/Library/Python/3.9/lib/python/site-packages/ray/rllib/evaluation/rollout_worker.py", line 1838, in _build_policy_map
    new_policy = create_policy_for_framework(
  File "/Users/joykhera/Library/Python/3.9/lib/python/site-packages/ray/rllib/utils/policy.py", line 132, in create_policy_for_framework
    return policy_class(
  File "/Users/joykhera/Library/Python/3.9/lib/python/site-packages/ray/rllib/algorithms/ppo/ppo_tf_policy.py", line 81, in __init__
    base.__init__(
  File "/Users/joykhera/Library/Python/3.9/lib/python/site-packages/ray/rllib/policy/dynamic_tf_policy_v2.py", line 83, in __init__
    self.model = self.make_model()
  File "/Users/joykhera/Library/Python/3.9/lib/python/site-packages/ray/rllib/policy/dynamic_tf_policy_v2.py", line 218, in make_model
    return ModelCatalog.get_model_v2(
  File "/Users/joykhera/Library/Python/3.9/lib/python/site-packages/ray/rllib/models/catalog.py", line 687, in get_model_v2
    return wrapper(
  File "/Users/joykhera/Library/Python/3.9/lib/python/site-packages/ray/rllib/models/tf/visionnet.py", line 41, in __init__
    model_config["conv_filters"] = get_filter_config(obs_space.shape)
  File "/Users/joykhera/Library/Python/3.9/lib/python/site-packages/ray/rllib/models/utils.py", line 226, in get_filter_config
    raise ValueError(
ValueError: No default configuration for obs shape [24, 24, 3], you must specify `conv_filters` manually as a model option. Default configurations are only available for inputs of the following shapes: [42, 42, K], [84, 84, K], [64, 64, K], [10, 10, K], [240, 320, K], and [480, 640, K]. You may alternatively want to use a custom model or preprocessor.

During handling of the above exception, another exception occurred:

[36mray::PPO.__init__()[39m (pid=9195, ip=127.0.0.1, actor_id=4abafc5581e51c5bb8d2602a01000000, repr=PPO)
  File "/Users/joykhera/Library/Python/3.9/lib/python/site-packages/ray/rllib/algorithms/algorithm.py", line 517, in __init__
    super().__init__(
  File "/Users/joykhera/Library/Python/3.9/lib/python/site-packages/ray/tune/trainable/trainable.py", line 161, in __init__
    self.setup(copy.deepcopy(self.config))
  File "/Users/joykhera/Library/Python/3.9/lib/python/site-packages/ray/rllib/algorithms/algorithm.py", line 639, in setup
    self.workers = WorkerSet(
  File "/Users/joykhera/Library/Python/3.9/lib/python/site-packages/ray/rllib/evaluation/worker_set.py", line 179, in __init__
    raise e.args[0].args[2]
ValueError: No default configuration for obs shape [24, 24, 3], you must specify `conv_filters` manually as a model option. Default configurations are only available for inputs of the following shapes: [42, 42, K], [84, 84, K], [64, 64, K], [10, 10, K], [240, 320, K], and [480, 640, K]. You may alternatively want to use a custom model or preprocessor.
