2024-08-13 19:01:52,001 INFO    StreamThr :29583 [internal.py:wandb_internal():85] W&B internal server running at pid: 29583, started at: 2024-08-13 19:01:51.999804
2024-08-13 19:01:52,002 DEBUG   HandlerThread:29583 [handler.py:handle_request():158] handle_request: status
2024-08-13 19:01:52,009 INFO    WriterThread:29583 [datastore.py:open_for_write():87] open: /private/tmp/ray/session_2024-08-13_16-37-36_807120_82696/artifacts/2024-08-13_16-37-38/gs_norm/driver_artifacts/PPO_custom_tag_v0_e1352_00002_2_lr=0.0001_2024-08-13_16-37-38/wandb/run-20240813_190151-e1352_00002/run-e1352_00002.wandb
2024-08-13 19:01:52,009 DEBUG   SenderThread:29583 [sender.py:send():391] send: header
2024-08-13 19:01:52,010 DEBUG   SenderThread:29583 [sender.py:send():391] send: run
2024-08-13 19:01:55,382 INFO    SenderThread:29583 [retry.py:__call__():172] Retry attempt failed:
Traceback (most recent call last):
  File "/Users/joykhera/Library/Caches/pypoetry/virtualenvs/evolution-E7IEFu2R-py3.9/lib/python3.9/site-packages/urllib3/connection.py", line 198, in _new_conn
    sock = connection.create_connection(
  File "/Users/joykhera/Library/Caches/pypoetry/virtualenvs/evolution-E7IEFu2R-py3.9/lib/python3.9/site-packages/urllib3/util/connection.py", line 60, in create_connection
    for res in socket.getaddrinfo(host, port, family, socket.SOCK_STREAM):
  File "/Library/Developer/CommandLineTools/Library/Frameworks/Python3.framework/Versions/3.9/lib/python3.9/socket.py", line 953, in getaddrinfo
    for res in _socket.getaddrinfo(host, port, family, type, proto, flags):
socket.gaierror: [Errno 8] nodename nor servname provided, or not known

The above exception was the direct cause of the following exception:

Traceback (most recent call last):
  File "/Users/joykhera/Library/Caches/pypoetry/virtualenvs/evolution-E7IEFu2R-py3.9/lib/python3.9/site-packages/urllib3/connectionpool.py", line 793, in urlopen
    response = self._make_request(
  File "/Users/joykhera/Library/Caches/pypoetry/virtualenvs/evolution-E7IEFu2R-py3.9/lib/python3.9/site-packages/urllib3/connectionpool.py", line 491, in _make_request
    raise new_e
  File "/Users/joykhera/Library/Caches/pypoetry/virtualenvs/evolution-E7IEFu2R-py3.9/lib/python3.9/site-packages/urllib3/connectionpool.py", line 467, in _make_request
    self._validate_conn(conn)
  File "/Users/joykhera/Library/Caches/pypoetry/virtualenvs/evolution-E7IEFu2R-py3.9/lib/python3.9/site-packages/urllib3/connectionpool.py", line 1099, in _validate_conn
    conn.connect()
  File "/Users/joykhera/Library/Caches/pypoetry/virtualenvs/evolution-E7IEFu2R-py3.9/lib/python3.9/site-packages/urllib3/connection.py", line 616, in connect
    self.sock = sock = self._new_conn()
  File "/Users/joykhera/Library/Caches/pypoetry/virtualenvs/evolution-E7IEFu2R-py3.9/lib/python3.9/site-packages/urllib3/connection.py", line 205, in _new_conn
    raise NameResolutionError(self.host, self, e) from e
urllib3.exceptions.NameResolutionError: <urllib3.connection.HTTPSConnection object at 0x10ddb1370>: Failed to resolve 'api.wandb.ai' ([Errno 8] nodename nor servname provided, or not known)

The above exception was the direct cause of the following exception:

Traceback (most recent call last):
  File "/Users/joykhera/Library/Caches/pypoetry/virtualenvs/evolution-E7IEFu2R-py3.9/lib/python3.9/site-packages/requests/adapters.py", line 589, in send
    resp = conn.urlopen(
  File "/Users/joykhera/Library/Caches/pypoetry/virtualenvs/evolution-E7IEFu2R-py3.9/lib/python3.9/site-packages/urllib3/connectionpool.py", line 847, in urlopen
    retries = retries.increment(
  File "/Users/joykhera/Library/Caches/pypoetry/virtualenvs/evolution-E7IEFu2R-py3.9/lib/python3.9/site-packages/urllib3/util/retry.py", line 515, in increment
    raise MaxRetryError(_pool, url, reason) from reason  # type: ignore[arg-type]
urllib3.exceptions.MaxRetryError: HTTPSConnectionPool(host='api.wandb.ai', port=443): Max retries exceeded with url: /graphql (Caused by NameResolutionError("<urllib3.connection.HTTPSConnection object at 0x10ddb1370>: Failed to resolve 'api.wandb.ai' ([Errno 8] nodename nor servname provided, or not known)"))

During handling of the above exception, another exception occurred:

Traceback (most recent call last):
  File "/Users/joykhera/Library/Caches/pypoetry/virtualenvs/evolution-E7IEFu2R-py3.9/lib/python3.9/site-packages/wandb/sdk/lib/retry.py", line 131, in __call__
    result = self._call_fn(*args, **kwargs)
  File "/Users/joykhera/Library/Caches/pypoetry/virtualenvs/evolution-E7IEFu2R-py3.9/lib/python3.9/site-packages/wandb/sdk/internal/internal_api.py", line 345, in execute
    return self.client.execute(*args, **kwargs)  # type: ignore
  File "/Users/joykhera/Library/Caches/pypoetry/virtualenvs/evolution-E7IEFu2R-py3.9/lib/python3.9/site-packages/wandb/vendor/gql-0.2.0/wandb_gql/client.py", line 52, in execute
    result = self._get_result(document, *args, **kwargs)
  File "/Users/joykhera/Library/Caches/pypoetry/virtualenvs/evolution-E7IEFu2R-py3.9/lib/python3.9/site-packages/wandb/vendor/gql-0.2.0/wandb_gql/client.py", line 60, in _get_result
    return self.transport.execute(document, *args, **kwargs)
  File "/Users/joykhera/Library/Caches/pypoetry/virtualenvs/evolution-E7IEFu2R-py3.9/lib/python3.9/site-packages/wandb/sdk/lib/gql_request.py", line 58, in execute
    request = self.session.post(self.url, **post_args)
  File "/Users/joykhera/Library/Caches/pypoetry/virtualenvs/evolution-E7IEFu2R-py3.9/lib/python3.9/site-packages/requests/sessions.py", line 637, in post
    return self.request("POST", url, data=data, json=json, **kwargs)
  File "/Users/joykhera/Library/Caches/pypoetry/virtualenvs/evolution-E7IEFu2R-py3.9/lib/python3.9/site-packages/requests/sessions.py", line 589, in request
    resp = self.send(prep, **send_kwargs)
  File "/Users/joykhera/Library/Caches/pypoetry/virtualenvs/evolution-E7IEFu2R-py3.9/lib/python3.9/site-packages/requests/sessions.py", line 703, in send
    r = adapter.send(request, **kwargs)
  File "/Users/joykhera/Library/Caches/pypoetry/virtualenvs/evolution-E7IEFu2R-py3.9/lib/python3.9/site-packages/requests/adapters.py", line 622, in send
    raise ConnectionError(e, request=request)
requests.exceptions.ConnectionError: HTTPSConnectionPool(host='api.wandb.ai', port=443): Max retries exceeded with url: /graphql (Caused by NameResolutionError("<urllib3.connection.HTTPSConnection object at 0x10ddb1370>: Failed to resolve 'api.wandb.ai' ([Errno 8] nodename nor servname provided, or not known)"))
2024-08-13 19:01:57,060 DEBUG   HandlerThread:29583 [handler.py:handle_request():158] handle_request: keepalive
2024-08-13 19:02:02,102 DEBUG   HandlerThread:29583 [handler.py:handle_request():158] handle_request: keepalive
2024-08-13 19:05:02,582 DEBUG   HandlerThread:29583 [handler.py:handle_request():158] handle_request: keepalive
2024-08-13 19:05:07,620 DEBUG   HandlerThread:29583 [handler.py:handle_request():158] handle_request: keepalive
2024-08-13 19:05:12,663 DEBUG   HandlerThread:29583 [handler.py:handle_request():158] handle_request: keepalive
2024-08-13 19:05:17,700 DEBUG   HandlerThread:29583 [handler.py:handle_request():158] handle_request: keepalive
2024-08-13 19:05:22,740 DEBUG   HandlerThread:29583 [handler.py:handle_request():158] handle_request: keepalive
2024-08-13 19:05:27,775 DEBUG   HandlerThread:29583 [handler.py:handle_request():158] handle_request: keepalive
2024-08-13 19:05:32,817 DEBUG   HandlerThread:29583 [handler.py:handle_request():158] handle_request: keepalive
2024-08-13 19:05:37,852 DEBUG   HandlerThread:29583 [handler.py:handle_request():158] handle_request: keepalive
2024-08-13 19:05:42,897 DEBUG   HandlerThread:29583 [handler.py:handle_request():158] handle_request: keepalive
2024-08-13 19:18:16,111 DEBUG   HandlerThread:29583 [handler.py:handle_request():158] handle_request: keepalive
2024-08-13 19:18:21,313 DEBUG   HandlerThread:29583 [handler.py:handle_request():158] handle_request: keepalive
2024-08-13 19:18:26,516 DEBUG   HandlerThread:29583 [handler.py:handle_request():158] handle_request: keepalive
2024-08-13 19:18:31,919 DEBUG   HandlerThread:29583 [handler.py:handle_request():158] handle_request: keepalive
2024-08-13 19:18:37,163 DEBUG   HandlerThread:29583 [handler.py:handle_request():158] handle_request: keepalive
2024-08-13 19:18:42,201 DEBUG   HandlerThread:29583 [handler.py:handle_request():158] handle_request: keepalive
2024-08-13 19:18:46,214 DEBUG   HandlerThread:29583 [handler.py:handle_request():158] handle_request: cancel
2024-08-13 19:18:46,218 DEBUG   SenderThread:29583 [sender.py:send():400] Record cancelled: run
2024-08-13 19:18:46,220 DEBUG   HandlerThread:29583 [handler.py:handle_request():158] handle_request: cancel
2024-08-13 19:18:46,220 DEBUG   HandlerThread:29583 [handler.py:handle_request():158] handle_request: status_report
2024-08-13 19:18:51,299 DEBUG   HandlerThread:29583 [handler.py:handle_request():158] handle_request: status_report
2024-08-13 19:18:56,343 DEBUG   HandlerThread:29583 [handler.py:handle_request():158] handle_request: status_report
2024-08-13 19:19:01,387 DEBUG   HandlerThread:29583 [handler.py:handle_request():158] handle_request: status_report
2024-08-13 19:20:03,602 DEBUG   HandlerThread:29583 [handler.py:handle_request():158] handle_request: status_report
2024-08-13 19:20:08,653 DEBUG   HandlerThread:29583 [handler.py:handle_request():158] handle_request: status_report
2024-08-13 19:20:13,689 DEBUG   HandlerThread:29583 [handler.py:handle_request():158] handle_request: status_report
2024-08-13 19:20:18,730 DEBUG   HandlerThread:29583 [handler.py:handle_request():158] handle_request: status_report
2024-08-13 19:20:23,769 DEBUG   HandlerThread:29583 [handler.py:handle_request():158] handle_request: status_report
2024-08-13 19:20:28,809 DEBUG   HandlerThread:29583 [handler.py:handle_request():158] handle_request: status_report
2024-08-13 19:20:33,846 DEBUG   HandlerThread:29583 [handler.py:handle_request():158] handle_request: status_report
2024-08-13 19:20:38,889 DEBUG   HandlerThread:29583 [handler.py:handle_request():158] handle_request: status_report
2024-08-13 19:20:43,935 DEBUG   HandlerThread:29583 [handler.py:handle_request():158] handle_request: status_report
2024-08-13 19:21:05,669 DEBUG   HandlerThread:29583 [handler.py:handle_request():158] handle_request: status_report
2024-08-13 19:21:10,677 DEBUG   HandlerThread:29583 [handler.py:handle_request():158] handle_request: status_report
2024-08-13 19:21:15,691 DEBUG   HandlerThread:29583 [handler.py:handle_request():158] handle_request: status_report
2024-08-13 19:21:20,704 DEBUG   HandlerThread:29583 [handler.py:handle_request():158] handle_request: status_report
2024-08-13 19:21:25,718 DEBUG   HandlerThread:29583 [handler.py:handle_request():158] handle_request: status_report
2024-08-13 19:21:30,736 DEBUG   HandlerThread:29583 [handler.py:handle_request():158] handle_request: status_report
2024-08-13 19:21:35,756 DEBUG   HandlerThread:29583 [handler.py:handle_request():158] handle_request: status_report
2024-08-13 19:21:40,771 DEBUG   HandlerThread:29583 [handler.py:handle_request():158] handle_request: status_report
2024-08-13 19:21:45,788 DEBUG   HandlerThread:29583 [handler.py:handle_request():158] handle_request: status_report
2024-08-13 19:21:50,814 DEBUG   HandlerThread:29583 [handler.py:handle_request():158] handle_request: status_report
2024-08-13 19:21:55,833 DEBUG   HandlerThread:29583 [handler.py:handle_request():158] handle_request: status_report
2024-08-13 19:22:00,842 DEBUG   HandlerThread:29583 [handler.py:handle_request():158] handle_request: status_report
2024-08-13 19:22:05,858 DEBUG   HandlerThread:29583 [handler.py:handle_request():158] handle_request: status_report
2024-08-13 19:22:10,912 DEBUG   HandlerThread:29583 [handler.py:handle_request():158] handle_request: status_report
2024-08-13 19:22:15,932 DEBUG   HandlerThread:29583 [handler.py:handle_request():158] handle_request: status_report
2024-08-13 19:22:20,952 DEBUG   HandlerThread:29583 [handler.py:handle_request():158] handle_request: status_report
2024-08-13 19:22:25,971 DEBUG   HandlerThread:29583 [handler.py:handle_request():158] handle_request: status_report
2024-08-13 19:22:30,992 DEBUG   HandlerThread:29583 [handler.py:handle_request():158] handle_request: status_report
2024-08-13 19:22:36,047 DEBUG   HandlerThread:29583 [handler.py:handle_request():158] handle_request: status_report
2024-08-13 19:22:41,064 DEBUG   HandlerThread:29583 [handler.py:handle_request():158] handle_request: status_report
2024-08-13 19:22:46,079 DEBUG   HandlerThread:29583 [handler.py:handle_request():158] handle_request: status_report
2024-08-13 19:22:51,103 DEBUG   HandlerThread:29583 [handler.py:handle_request():158] handle_request: status_report
2024-08-13 19:22:56,202 DEBUG   HandlerThread:29583 [handler.py:handle_request():158] handle_request: status_report
2024-08-13 19:23:02,199 DEBUG   HandlerThread:29583 [handler.py:handle_request():158] handle_request: status_report
2024-08-13 19:23:07,232 DEBUG   HandlerThread:29583 [handler.py:handle_request():158] handle_request: status_report
2024-08-13 19:23:12,522 DEBUG   HandlerThread:29583 [handler.py:handle_request():158] handle_request: status_report
2024-08-13 19:23:17,544 DEBUG   HandlerThread:29583 [handler.py:handle_request():158] handle_request: status_report
2024-08-13 19:23:22,570 DEBUG   HandlerThread:29583 [handler.py:handle_request():158] handle_request: status_report
2024-08-13 19:23:27,585 DEBUG   HandlerThread:29583 [handler.py:handle_request():158] handle_request: status_report
2024-08-13 19:23:32,600 DEBUG   HandlerThread:29583 [handler.py:handle_request():158] handle_request: status_report
2024-08-13 19:23:37,627 DEBUG   HandlerThread:29583 [handler.py:handle_request():158] handle_request: status_report
2024-08-13 19:23:42,644 DEBUG   HandlerThread:29583 [handler.py:handle_request():158] handle_request: status_report
2024-08-13 19:23:47,738 DEBUG   HandlerThread:29583 [handler.py:handle_request():158] handle_request: status_report
2024-08-13 19:23:52,761 DEBUG   HandlerThread:29583 [handler.py:handle_request():158] handle_request: status_report
2024-08-13 19:23:57,784 DEBUG   HandlerThread:29583 [handler.py:handle_request():158] handle_request: status_report
2024-08-13 19:24:02,852 DEBUG   HandlerThread:29583 [handler.py:handle_request():158] handle_request: status_report
2024-08-13 19:24:07,960 DEBUG   HandlerThread:29583 [handler.py:handle_request():158] handle_request: status_report
2024-08-13 19:24:12,945 DEBUG   HandlerThread:29583 [handler.py:handle_request():158] handle_request: status_report
2024-08-13 19:24:17,968 DEBUG   HandlerThread:29583 [handler.py:handle_request():158] handle_request: status_report
2024-08-13 19:24:22,995 DEBUG   HandlerThread:29583 [handler.py:handle_request():158] handle_request: status_report
2024-08-13 19:24:28,014 DEBUG   HandlerThread:29583 [handler.py:handle_request():158] handle_request: status_report
2024-08-13 19:24:33,036 DEBUG   HandlerThread:29583 [handler.py:handle_request():158] handle_request: status_report
2024-08-13 19:24:38,060 DEBUG   HandlerThread:29583 [handler.py:handle_request():158] handle_request: status_report
2024-08-13 19:24:43,080 DEBUG   HandlerThread:29583 [handler.py:handle_request():158] handle_request: status_report
2024-08-13 19:24:48,104 DEBUG   HandlerThread:29583 [handler.py:handle_request():158] handle_request: status_report
2024-08-13 19:24:53,122 DEBUG   HandlerThread:29583 [handler.py:handle_request():158] handle_request: status_report
2024-08-13 19:24:58,140 DEBUG   HandlerThread:29583 [handler.py:handle_request():158] handle_request: status_report
2024-08-13 19:25:03,163 DEBUG   HandlerThread:29583 [handler.py:handle_request():158] handle_request: status_report
2024-08-13 19:25:08,180 DEBUG   HandlerThread:29583 [handler.py:handle_request():158] handle_request: status_report
2024-08-13 19:25:13,205 DEBUG   HandlerThread:29583 [handler.py:handle_request():158] handle_request: status_report
2024-08-13 19:25:18,223 DEBUG   HandlerThread:29583 [handler.py:handle_request():158] handle_request: status_report
2024-08-13 19:25:23,242 DEBUG   HandlerThread:29583 [handler.py:handle_request():158] handle_request: status_report
2024-08-13 19:25:28,269 DEBUG   HandlerThread:29583 [handler.py:handle_request():158] handle_request: status_report
2024-08-13 19:25:33,293 DEBUG   HandlerThread:29583 [handler.py:handle_request():158] handle_request: status_report
2024-08-13 19:25:38,453 DEBUG   HandlerThread:29583 [handler.py:handle_request():158] handle_request: status_report
2024-08-13 19:25:43,465 DEBUG   HandlerThread:29583 [handler.py:handle_request():158] handle_request: status_report
2024-08-13 19:25:48,485 DEBUG   HandlerThread:29583 [handler.py:handle_request():158] handle_request: status_report
2024-08-13 19:25:53,509 DEBUG   HandlerThread:29583 [handler.py:handle_request():158] handle_request: status_report
2024-08-13 19:25:58,530 DEBUG   HandlerThread:29583 [handler.py:handle_request():158] handle_request: status_report
2024-08-13 19:26:03,550 DEBUG   HandlerThread:29583 [handler.py:handle_request():158] handle_request: status_report
2024-08-13 19:26:08,573 DEBUG   HandlerThread:29583 [handler.py:handle_request():158] handle_request: status_report
2024-08-13 19:26:13,592 DEBUG   HandlerThread:29583 [handler.py:handle_request():158] handle_request: status_report
2024-08-13 19:26:18,607 DEBUG   HandlerThread:29583 [handler.py:handle_request():158] handle_request: status_report
2024-08-13 19:26:23,628 DEBUG   HandlerThread:29583 [handler.py:handle_request():158] handle_request: status_report
2024-08-13 19:26:28,646 DEBUG   HandlerThread:29583 [handler.py:handle_request():158] handle_request: status_report
2024-08-13 19:26:33,672 DEBUG   HandlerThread:29583 [handler.py:handle_request():158] handle_request: status_report
2024-08-13 19:26:38,693 DEBUG   HandlerThread:29583 [handler.py:handle_request():158] handle_request: status_report
2024-08-13 19:26:43,714 DEBUG   HandlerThread:29583 [handler.py:handle_request():158] handle_request: status_report
2024-08-13 19:26:48,755 DEBUG   HandlerThread:29583 [handler.py:handle_request():158] handle_request: status_report
2024-08-13 19:26:53,777 DEBUG   HandlerThread:29583 [handler.py:handle_request():158] handle_request: status_report
2024-08-13 19:26:58,794 DEBUG   HandlerThread:29583 [handler.py:handle_request():158] handle_request: status_report
2024-08-13 19:27:03,811 DEBUG   HandlerThread:29583 [handler.py:handle_request():158] handle_request: status_report
2024-08-13 19:27:08,834 DEBUG   HandlerThread:29583 [handler.py:handle_request():158] handle_request: status_report
2024-08-13 19:27:13,848 DEBUG   HandlerThread:29583 [handler.py:handle_request():158] handle_request: status_report
2024-08-13 19:27:18,866 DEBUG   HandlerThread:29583 [handler.py:handle_request():158] handle_request: status_report
2024-08-13 19:27:23,883 DEBUG   HandlerThread:29583 [handler.py:handle_request():158] handle_request: status_report
2024-08-13 19:27:28,903 DEBUG   HandlerThread:29583 [handler.py:handle_request():158] handle_request: status_report
2024-08-13 19:27:33,923 DEBUG   HandlerThread:29583 [handler.py:handle_request():158] handle_request: status_report
2024-08-13 19:27:38,941 DEBUG   HandlerThread:29583 [handler.py:handle_request():158] handle_request: status_report
2024-08-13 19:27:43,961 DEBUG   HandlerThread:29583 [handler.py:handle_request():158] handle_request: status_report
2024-08-13 19:27:48,991 DEBUG   HandlerThread:29583 [handler.py:handle_request():158] handle_request: status_report
2024-08-13 19:27:54,014 DEBUG   HandlerThread:29583 [handler.py:handle_request():158] handle_request: status_report
2024-08-13 19:27:59,040 DEBUG   HandlerThread:29583 [handler.py:handle_request():158] handle_request: status_report
2024-08-13 19:28:04,055 DEBUG   HandlerThread:29583 [handler.py:handle_request():158] handle_request: status_report
2024-08-13 19:28:09,072 DEBUG   HandlerThread:29583 [handler.py:handle_request():158] handle_request: status_report
2024-08-13 19:28:14,091 DEBUG   HandlerThread:29583 [handler.py:handle_request():158] handle_request: status_report
2024-08-13 19:28:19,113 DEBUG   HandlerThread:29583 [handler.py:handle_request():158] handle_request: status_report
2024-08-13 19:28:24,132 DEBUG   HandlerThread:29583 [handler.py:handle_request():158] handle_request: status_report
2024-08-13 19:28:29,156 DEBUG   HandlerThread:29583 [handler.py:handle_request():158] handle_request: status_report
2024-08-13 19:28:34,174 DEBUG   HandlerThread:29583 [handler.py:handle_request():158] handle_request: status_report
2024-08-13 19:28:39,194 DEBUG   HandlerThread:29583 [handler.py:handle_request():158] handle_request: status_report
2024-08-13 19:28:44,214 DEBUG   HandlerThread:29583 [handler.py:handle_request():158] handle_request: status_report
2024-08-13 19:28:49,236 DEBUG   HandlerThread:29583 [handler.py:handle_request():158] handle_request: status_report
2024-08-13 19:28:54,254 DEBUG   HandlerThread:29583 [handler.py:handle_request():158] handle_request: status_report
2024-08-13 19:28:59,281 DEBUG   HandlerThread:29583 [handler.py:handle_request():158] handle_request: status_report
2024-08-13 19:29:04,292 DEBUG   HandlerThread:29583 [handler.py:handle_request():158] handle_request: status_report
2024-08-13 19:29:09,310 DEBUG   HandlerThread:29583 [handler.py:handle_request():158] handle_request: status_report
2024-08-13 19:29:14,331 DEBUG   HandlerThread:29583 [handler.py:handle_request():158] handle_request: status_report
2024-08-13 19:29:19,343 DEBUG   HandlerThread:29583 [handler.py:handle_request():158] handle_request: status_report
2024-08-13 19:29:24,362 DEBUG   HandlerThread:29583 [handler.py:handle_request():158] handle_request: status_report
2024-08-13 19:29:29,382 DEBUG   HandlerThread:29583 [handler.py:handle_request():158] handle_request: status_report
2024-08-13 19:29:34,411 DEBUG   HandlerThread:29583 [handler.py:handle_request():158] handle_request: status_report
2024-08-13 19:29:39,431 DEBUG   HandlerThread:29583 [handler.py:handle_request():158] handle_request: status_report
2024-08-13 19:29:44,451 DEBUG   HandlerThread:29583 [handler.py:handle_request():158] handle_request: status_report
2024-08-13 19:29:49,480 DEBUG   HandlerThread:29583 [handler.py:handle_request():158] handle_request: status_report
2024-08-13 19:29:54,501 DEBUG   HandlerThread:29583 [handler.py:handle_request():158] handle_request: status_report
2024-08-13 19:29:59,519 DEBUG   HandlerThread:29583 [handler.py:handle_request():158] handle_request: status_report
2024-08-13 19:30:04,542 DEBUG   HandlerThread:29583 [handler.py:handle_request():158] handle_request: status_report
2024-08-13 19:30:09,562 DEBUG   HandlerThread:29583 [handler.py:handle_request():158] handle_request: status_report
2024-08-13 19:30:14,580 DEBUG   HandlerThread:29583 [handler.py:handle_request():158] handle_request: status_report
2024-08-13 19:30:19,680 DEBUG   HandlerThread:29583 [handler.py:handle_request():158] handle_request: status_report
2024-08-13 19:30:24,682 DEBUG   HandlerThread:29583 [handler.py:handle_request():158] handle_request: status_report
2024-08-13 19:30:29,779 DEBUG   HandlerThread:29583 [handler.py:handle_request():158] handle_request: status_report
2024-08-13 19:30:34,796 DEBUG   HandlerThread:29583 [handler.py:handle_request():158] handle_request: status_report
2024-08-13 19:30:39,817 DEBUG   HandlerThread:29583 [handler.py:handle_request():158] handle_request: status_report
2024-08-13 19:30:44,833 DEBUG   HandlerThread:29583 [handler.py:handle_request():158] handle_request: status_report
2024-08-13 19:30:49,856 DEBUG   HandlerThread:29583 [handler.py:handle_request():158] handle_request: status_report
2024-08-13 19:30:54,874 DEBUG   HandlerThread:29583 [handler.py:handle_request():158] handle_request: status_report
2024-08-13 19:30:59,898 DEBUG   HandlerThread:29583 [handler.py:handle_request():158] handle_request: status_report
2024-08-13 19:31:04,939 DEBUG   HandlerThread:29583 [handler.py:handle_request():158] handle_request: status_report
2024-08-13 19:31:09,962 DEBUG   HandlerThread:29583 [handler.py:handle_request():158] handle_request: status_report
2024-08-13 19:31:15,093 DEBUG   HandlerThread:29583 [handler.py:handle_request():158] handle_request: status_report
2024-08-13 19:31:20,151 DEBUG   HandlerThread:29583 [handler.py:handle_request():158] handle_request: status_report
2024-08-13 19:31:25,180 DEBUG   HandlerThread:29583 [handler.py:handle_request():158] handle_request: status_report
2024-08-13 19:31:30,196 DEBUG   HandlerThread:29583 [handler.py:handle_request():158] handle_request: status_report
2024-08-13 19:31:35,224 DEBUG   HandlerThread:29583 [handler.py:handle_request():158] handle_request: status_report
2024-08-13 19:31:40,236 DEBUG   HandlerThread:29583 [handler.py:handle_request():158] handle_request: status_report
2024-08-13 19:31:45,256 DEBUG   HandlerThread:29583 [handler.py:handle_request():158] handle_request: status_report
2024-08-13 19:31:50,274 DEBUG   HandlerThread:29583 [handler.py:handle_request():158] handle_request: status_report
2024-08-13 19:31:55,289 DEBUG   HandlerThread:29583 [handler.py:handle_request():158] handle_request: status_report
2024-08-13 19:32:00,313 DEBUG   HandlerThread:29583 [handler.py:handle_request():158] handle_request: status_report
2024-08-13 19:32:05,328 DEBUG   HandlerThread:29583 [handler.py:handle_request():158] handle_request: status_report
2024-08-13 19:32:10,347 DEBUG   HandlerThread:29583 [handler.py:handle_request():158] handle_request: status_report
2024-08-13 19:32:15,363 DEBUG   HandlerThread:29583 [handler.py:handle_request():158] handle_request: status_report
2024-08-13 19:32:20,383 DEBUG   HandlerThread:29583 [handler.py:handle_request():158] handle_request: status_report
2024-08-13 19:32:25,404 DEBUG   HandlerThread:29583 [handler.py:handle_request():158] handle_request: status_report
2024-08-13 19:32:30,413 DEBUG   HandlerThread:29583 [handler.py:handle_request():158] handle_request: status_report
2024-08-13 19:32:35,428 DEBUG   HandlerThread:29583 [handler.py:handle_request():158] handle_request: status_report
2024-08-13 19:32:40,450 DEBUG   HandlerThread:29583 [handler.py:handle_request():158] handle_request: status_report
2024-08-13 19:32:45,470 DEBUG   HandlerThread:29583 [handler.py:handle_request():158] handle_request: status_report
2024-08-13 19:32:50,490 DEBUG   HandlerThread:29583 [handler.py:handle_request():158] handle_request: status_report
2024-08-13 19:32:55,528 DEBUG   HandlerThread:29583 [handler.py:handle_request():158] handle_request: status_report
2024-08-13 19:33:00,571 DEBUG   HandlerThread:29583 [handler.py:handle_request():158] handle_request: status_report
2024-08-13 19:33:05,585 DEBUG   HandlerThread:29583 [handler.py:handle_request():158] handle_request: status_report
2024-08-13 19:33:10,611 DEBUG   HandlerThread:29583 [handler.py:handle_request():158] handle_request: status_report
2024-08-13 19:33:15,639 DEBUG   HandlerThread:29583 [handler.py:handle_request():158] handle_request: status_report
2024-08-13 19:33:20,746 DEBUG   HandlerThread:29583 [handler.py:handle_request():158] handle_request: status_report
2024-08-13 19:33:25,777 DEBUG   HandlerThread:29583 [handler.py:handle_request():158] handle_request: status_report
2024-08-13 19:33:30,795 DEBUG   HandlerThread:29583 [handler.py:handle_request():158] handle_request: status_report
2024-08-13 19:33:35,820 DEBUG   HandlerThread:29583 [handler.py:handle_request():158] handle_request: status_report
2024-08-13 19:33:40,848 DEBUG   HandlerThread:29583 [handler.py:handle_request():158] handle_request: status_report
2024-08-13 19:33:45,864 DEBUG   HandlerThread:29583 [handler.py:handle_request():158] handle_request: status_report
2024-08-13 19:33:50,875 DEBUG   HandlerThread:29583 [handler.py:handle_request():158] handle_request: status_report
2024-08-13 19:33:55,901 DEBUG   HandlerThread:29583 [handler.py:handle_request():158] handle_request: status_report
2024-08-13 19:34:00,930 DEBUG   HandlerThread:29583 [handler.py:handle_request():158] handle_request: status_report
2024-08-13 19:34:05,972 DEBUG   HandlerThread:29583 [handler.py:handle_request():158] handle_request: status_report
2024-08-13 19:34:10,988 DEBUG   HandlerThread:29583 [handler.py:handle_request():158] handle_request: status_report
2024-08-13 19:34:16,011 DEBUG   HandlerThread:29583 [handler.py:handle_request():158] handle_request: status_report
2024-08-13 19:34:21,038 DEBUG   HandlerThread:29583 [handler.py:handle_request():158] handle_request: status_report
2024-08-13 19:34:26,056 DEBUG   HandlerThread:29583 [handler.py:handle_request():158] handle_request: status_report
2024-08-13 19:34:31,074 DEBUG   HandlerThread:29583 [handler.py:handle_request():158] handle_request: status_report
2024-08-13 19:34:36,095 DEBUG   HandlerThread:29583 [handler.py:handle_request():158] handle_request: status_report
2024-08-13 19:34:41,114 DEBUG   HandlerThread:29583 [handler.py:handle_request():158] handle_request: status_report
2024-08-13 19:34:46,134 DEBUG   HandlerThread:29583 [handler.py:handle_request():158] handle_request: status_report
2024-08-13 19:34:51,175 DEBUG   HandlerThread:29583 [handler.py:handle_request():158] handle_request: status_report
2024-08-13 19:34:56,190 DEBUG   HandlerThread:29583 [handler.py:handle_request():158] handle_request: status_report
2024-08-13 19:35:01,225 DEBUG   HandlerThread:29583 [handler.py:handle_request():158] handle_request: status_report
2024-08-13 19:35:06,269 DEBUG   HandlerThread:29583 [handler.py:handle_request():158] handle_request: status_report
2024-08-13 19:35:11,277 DEBUG   HandlerThread:29583 [handler.py:handle_request():158] handle_request: status_report
2024-08-13 19:35:16,312 DEBUG   HandlerThread:29583 [handler.py:handle_request():158] handle_request: status_report
2024-08-13 19:35:21,344 DEBUG   HandlerThread:29583 [handler.py:handle_request():158] handle_request: status_report
2024-08-13 19:35:26,382 DEBUG   HandlerThread:29583 [handler.py:handle_request():158] handle_request: status_report
2024-08-13 19:35:31,398 DEBUG   HandlerThread:29583 [handler.py:handle_request():158] handle_request: status_report
2024-08-13 19:35:36,422 DEBUG   HandlerThread:29583 [handler.py:handle_request():158] handle_request: status_report
2024-08-13 19:35:41,437 DEBUG   HandlerThread:29583 [handler.py:handle_request():158] handle_request: status_report
2024-08-13 19:35:46,460 DEBUG   HandlerThread:29583 [handler.py:handle_request():158] handle_request: status_report
2024-08-13 19:35:51,484 DEBUG   HandlerThread:29583 [handler.py:handle_request():158] handle_request: status_report
2024-08-13 19:35:56,494 DEBUG   HandlerThread:29583 [handler.py:handle_request():158] handle_request: status_report
2024-08-13 19:36:01,516 DEBUG   HandlerThread:29583 [handler.py:handle_request():158] handle_request: status_report
2024-08-13 19:36:06,537 DEBUG   HandlerThread:29583 [handler.py:handle_request():158] handle_request: status_report
2024-08-13 19:36:11,558 DEBUG   HandlerThread:29583 [handler.py:handle_request():158] handle_request: status_report
2024-08-13 19:36:16,580 DEBUG   HandlerThread:29583 [handler.py:handle_request():158] handle_request: status_report
2024-08-13 19:36:21,601 DEBUG   HandlerThread:29583 [handler.py:handle_request():158] handle_request: status_report
2024-08-13 19:36:26,615 DEBUG   HandlerThread:29583 [handler.py:handle_request():158] handle_request: status_report
2024-08-13 19:36:31,674 DEBUG   HandlerThread:29583 [handler.py:handle_request():158] handle_request: status_report
2024-08-13 19:36:36,691 DEBUG   HandlerThread:29583 [handler.py:handle_request():158] handle_request: status_report
2024-08-13 19:36:41,702 DEBUG   HandlerThread:29583 [handler.py:handle_request():158] handle_request: status_report
2024-08-13 19:36:46,725 DEBUG   HandlerThread:29583 [handler.py:handle_request():158] handle_request: status_report
2024-08-13 19:36:51,740 DEBUG   HandlerThread:29583 [handler.py:handle_request():158] handle_request: status_report
2024-08-13 19:36:56,796 DEBUG   HandlerThread:29583 [handler.py:handle_request():158] handle_request: status_report
2024-08-13 19:37:01,815 DEBUG   HandlerThread:29583 [handler.py:handle_request():158] handle_request: status_report
2024-08-13 19:37:06,836 DEBUG   HandlerThread:29583 [handler.py:handle_request():158] handle_request: status_report
2024-08-13 19:37:11,892 DEBUG   HandlerThread:29583 [handler.py:handle_request():158] handle_request: status_report
2024-08-13 19:37:16,911 DEBUG   HandlerThread:29583 [handler.py:handle_request():158] handle_request: status_report
2024-08-13 19:37:21,933 DEBUG   HandlerThread:29583 [handler.py:handle_request():158] handle_request: status_report
2024-08-13 19:37:26,959 DEBUG   HandlerThread:29583 [handler.py:handle_request():158] handle_request: status_report
2024-08-13 19:37:31,974 DEBUG   HandlerThread:29583 [handler.py:handle_request():158] handle_request: status_report
2024-08-13 19:37:36,991 DEBUG   HandlerThread:29583 [handler.py:handle_request():158] handle_request: status_report
2024-08-13 19:37:42,007 DEBUG   HandlerThread:29583 [handler.py:handle_request():158] handle_request: status_report
2024-08-13 19:37:47,022 DEBUG   HandlerThread:29583 [handler.py:handle_request():158] handle_request: status_report
2024-08-13 19:37:52,039 DEBUG   HandlerThread:29583 [handler.py:handle_request():158] handle_request: status_report
2024-08-13 19:37:57,064 DEBUG   HandlerThread:29583 [handler.py:handle_request():158] handle_request: status_report
2024-08-13 19:38:02,096 DEBUG   HandlerThread:29583 [handler.py:handle_request():158] handle_request: status_report
2024-08-13 19:38:07,115 DEBUG   HandlerThread:29583 [handler.py:handle_request():158] handle_request: status_report
2024-08-13 19:38:12,138 DEBUG   HandlerThread:29583 [handler.py:handle_request():158] handle_request: status_report
2024-08-13 19:38:17,160 DEBUG   HandlerThread:29583 [handler.py:handle_request():158] handle_request: status_report
2024-08-13 19:38:22,176 DEBUG   HandlerThread:29583 [handler.py:handle_request():158] handle_request: status_report
2024-08-13 19:38:27,193 DEBUG   HandlerThread:29583 [handler.py:handle_request():158] handle_request: status_report
2024-08-13 19:38:32,211 DEBUG   HandlerThread:29583 [handler.py:handle_request():158] handle_request: status_report
2024-08-13 19:38:37,230 DEBUG   HandlerThread:29583 [handler.py:handle_request():158] handle_request: status_report
2024-08-13 19:38:42,248 DEBUG   HandlerThread:29583 [handler.py:handle_request():158] handle_request: status_report
2024-08-13 19:38:47,268 DEBUG   HandlerThread:29583 [handler.py:handle_request():158] handle_request: status_report
2024-08-13 19:38:52,285 DEBUG   HandlerThread:29583 [handler.py:handle_request():158] handle_request: status_report
2024-08-13 19:38:57,311 DEBUG   HandlerThread:29583 [handler.py:handle_request():158] handle_request: status_report
2024-08-13 19:39:02,327 DEBUG   HandlerThread:29583 [handler.py:handle_request():158] handle_request: status_report
2024-08-13 19:39:07,355 DEBUG   HandlerThread:29583 [handler.py:handle_request():158] handle_request: status_report
2024-08-13 19:39:12,400 DEBUG   HandlerThread:29583 [handler.py:handle_request():158] handle_request: status_report
2024-08-13 19:39:17,432 DEBUG   HandlerThread:29583 [handler.py:handle_request():158] handle_request: status_report
2024-08-13 19:39:22,481 DEBUG   HandlerThread:29583 [handler.py:handle_request():158] handle_request: status_report
2024-08-13 19:39:27,499 DEBUG   HandlerThread:29583 [handler.py:handle_request():158] handle_request: status_report
2024-08-13 19:39:32,518 DEBUG   HandlerThread:29583 [handler.py:handle_request():158] handle_request: status_report
2024-08-13 19:39:37,540 DEBUG   HandlerThread:29583 [handler.py:handle_request():158] handle_request: status_report
2024-08-13 19:39:42,560 DEBUG   HandlerThread:29583 [handler.py:handle_request():158] handle_request: status_report
2024-08-13 19:39:47,578 DEBUG   HandlerThread:29583 [handler.py:handle_request():158] handle_request: status_report
2024-08-13 19:39:52,601 DEBUG   HandlerThread:29583 [handler.py:handle_request():158] handle_request: status_report
2024-08-13 19:39:57,620 DEBUG   HandlerThread:29583 [handler.py:handle_request():158] handle_request: status_report
2024-08-13 19:40:02,641 DEBUG   HandlerThread:29583 [handler.py:handle_request():158] handle_request: status_report
2024-08-13 19:40:07,655 DEBUG   HandlerThread:29583 [handler.py:handle_request():158] handle_request: status_report
2024-08-13 19:40:12,675 DEBUG   HandlerThread:29583 [handler.py:handle_request():158] handle_request: status_report
2024-08-13 19:40:17,696 DEBUG   HandlerThread:29583 [handler.py:handle_request():158] handle_request: status_report
2024-08-13 19:40:22,718 DEBUG   HandlerThread:29583 [handler.py:handle_request():158] handle_request: status_report
2024-08-13 19:40:27,740 DEBUG   HandlerThread:29583 [handler.py:handle_request():158] handle_request: status_report
2024-08-13 19:40:32,763 DEBUG   HandlerThread:29583 [handler.py:handle_request():158] handle_request: status_report
2024-08-13 19:40:37,782 DEBUG   HandlerThread:29583 [handler.py:handle_request():158] handle_request: status_report
2024-08-13 19:40:42,800 DEBUG   HandlerThread:29583 [handler.py:handle_request():158] handle_request: status_report
2024-08-13 19:40:47,823 DEBUG   HandlerThread:29583 [handler.py:handle_request():158] handle_request: status_report
2024-08-13 19:40:52,844 DEBUG   HandlerThread:29583 [handler.py:handle_request():158] handle_request: status_report
2024-08-13 19:40:57,862 DEBUG   HandlerThread:29583 [handler.py:handle_request():158] handle_request: status_report
2024-08-13 19:41:02,881 DEBUG   HandlerThread:29583 [handler.py:handle_request():158] handle_request: status_report
2024-08-13 19:41:08,021 DEBUG   HandlerThread:29583 [handler.py:handle_request():158] handle_request: status_report
2024-08-13 19:41:13,038 DEBUG   HandlerThread:29583 [handler.py:handle_request():158] handle_request: status_report
2024-08-13 19:41:18,058 DEBUG   HandlerThread:29583 [handler.py:handle_request():158] handle_request: status_report
2024-08-13 19:41:23,085 DEBUG   HandlerThread:29583 [handler.py:handle_request():158] handle_request: status_report
2024-08-13 19:41:28,101 DEBUG   HandlerThread:29583 [handler.py:handle_request():158] handle_request: status_report
2024-08-13 19:41:33,119 DEBUG   HandlerThread:29583 [handler.py:handle_request():158] handle_request: status_report
2024-08-13 19:41:38,144 DEBUG   HandlerThread:29583 [handler.py:handle_request():158] handle_request: status_report
2024-08-13 19:41:43,156 DEBUG   HandlerThread:29583 [handler.py:handle_request():158] handle_request: status_report
2024-08-13 19:41:48,180 DEBUG   HandlerThread:29583 [handler.py:handle_request():158] handle_request: status_report
2024-08-13 19:41:53,212 DEBUG   HandlerThread:29583 [handler.py:handle_request():158] handle_request: status_report
2024-08-13 19:41:58,231 DEBUG   HandlerThread:29583 [handler.py:handle_request():158] handle_request: status_report
2024-08-13 19:42:03,247 DEBUG   HandlerThread:29583 [handler.py:handle_request():158] handle_request: status_report
2024-08-13 19:42:08,267 DEBUG   HandlerThread:29583 [handler.py:handle_request():158] handle_request: status_report
2024-08-13 19:42:13,284 DEBUG   HandlerThread:29583 [handler.py:handle_request():158] handle_request: status_report
2024-08-13 19:42:18,304 DEBUG   HandlerThread:29583 [handler.py:handle_request():158] handle_request: status_report
2024-08-13 19:42:23,328 DEBUG   HandlerThread:29583 [handler.py:handle_request():158] handle_request: status_report
2024-08-13 19:42:28,346 DEBUG   HandlerThread:29583 [handler.py:handle_request():158] handle_request: status_report
2024-08-13 19:42:33,378 DEBUG   HandlerThread:29583 [handler.py:handle_request():158] handle_request: status_report
2024-08-13 19:42:38,404 DEBUG   HandlerThread:29583 [handler.py:handle_request():158] handle_request: status_report
2024-08-13 19:42:43,427 DEBUG   HandlerThread:29583 [handler.py:handle_request():158] handle_request: status_report
2024-08-13 19:42:48,439 DEBUG   HandlerThread:29583 [handler.py:handle_request():158] handle_request: status_report
2024-08-13 19:42:53,459 DEBUG   HandlerThread:29583 [handler.py:handle_request():158] handle_request: status_report
2024-08-13 19:42:58,480 DEBUG   HandlerThread:29583 [handler.py:handle_request():158] handle_request: status_report
2024-08-13 19:43:03,502 DEBUG   HandlerThread:29583 [handler.py:handle_request():158] handle_request: status_report
2024-08-13 19:43:08,521 DEBUG   HandlerThread:29583 [handler.py:handle_request():158] handle_request: status_report
2024-08-13 19:43:13,548 DEBUG   HandlerThread:29583 [handler.py:handle_request():158] handle_request: status_report
2024-08-13 19:43:18,564 DEBUG   HandlerThread:29583 [handler.py:handle_request():158] handle_request: status_report
2024-08-13 19:43:23,580 DEBUG   HandlerThread:29583 [handler.py:handle_request():158] handle_request: status_report
2024-08-13 19:43:28,601 DEBUG   HandlerThread:29583 [handler.py:handle_request():158] handle_request: status_report
2024-08-13 19:43:33,628 DEBUG   HandlerThread:29583 [handler.py:handle_request():158] handle_request: status_report
2024-08-13 19:43:38,639 DEBUG   HandlerThread:29583 [handler.py:handle_request():158] handle_request: status_report
2024-08-13 19:43:43,660 DEBUG   HandlerThread:29583 [handler.py:handle_request():158] handle_request: status_report
2024-08-13 19:43:48,679 DEBUG   HandlerThread:29583 [handler.py:handle_request():158] handle_request: status_report
2024-08-13 19:43:53,702 DEBUG   HandlerThread:29583 [handler.py:handle_request():158] handle_request: status_report
2024-08-13 19:43:58,724 DEBUG   HandlerThread:29583 [handler.py:handle_request():158] handle_request: status_report
2024-08-13 19:44:03,805 DEBUG   HandlerThread:29583 [handler.py:handle_request():158] handle_request: status_report
2024-08-13 19:44:08,933 DEBUG   HandlerThread:29583 [handler.py:handle_request():158] handle_request: status_report
2024-08-13 19:44:14,147 DEBUG   HandlerThread:29583 [handler.py:handle_request():158] handle_request: status_report
2024-08-13 19:44:19,150 DEBUG   HandlerThread:29583 [handler.py:handle_request():158] handle_request: status_report
2024-08-13 19:44:24,170 DEBUG   HandlerThread:29583 [handler.py:handle_request():158] handle_request: status_report
2024-08-13 19:44:29,191 DEBUG   HandlerThread:29583 [handler.py:handle_request():158] handle_request: status_report
2024-08-13 19:44:34,240 DEBUG   HandlerThread:29583 [handler.py:handle_request():158] handle_request: status_report
2024-08-13 19:44:39,498 DEBUG   HandlerThread:29583 [handler.py:handle_request():158] handle_request: status_report
2024-08-13 19:44:44,470 DEBUG   HandlerThread:29583 [handler.py:handle_request():158] handle_request: status_report
2024-08-13 19:44:49,487 DEBUG   HandlerThread:29583 [handler.py:handle_request():158] handle_request: status_report
2024-08-13 19:44:54,529 DEBUG   HandlerThread:29583 [handler.py:handle_request():158] handle_request: status_report
2024-08-13 19:44:59,545 DEBUG   HandlerThread:29583 [handler.py:handle_request():158] handle_request: status_report
2024-08-13 19:45:04,571 DEBUG   HandlerThread:29583 [handler.py:handle_request():158] handle_request: status_report
2024-08-13 19:45:09,589 DEBUG   HandlerThread:29583 [handler.py:handle_request():158] handle_request: status_report
2024-08-13 19:45:14,608 DEBUG   HandlerThread:29583 [handler.py:handle_request():158] handle_request: status_report
2024-08-13 19:45:19,635 DEBUG   HandlerThread:29583 [handler.py:handle_request():158] handle_request: status_report
2024-08-13 19:45:24,654 DEBUG   HandlerThread:29583 [handler.py:handle_request():158] handle_request: status_report
2024-08-13 19:45:29,666 DEBUG   HandlerThread:29583 [handler.py:handle_request():158] handle_request: status_report
2024-08-13 19:45:34,691 DEBUG   HandlerThread:29583 [handler.py:handle_request():158] handle_request: status_report
2024-08-13 19:45:39,718 DEBUG   HandlerThread:29583 [handler.py:handle_request():158] handle_request: status_report
2024-08-13 19:45:44,733 DEBUG   HandlerThread:29583 [handler.py:handle_request():158] handle_request: status_report
2024-08-13 19:45:49,759 DEBUG   HandlerThread:29583 [handler.py:handle_request():158] handle_request: status_report
2024-08-13 19:45:54,773 DEBUG   HandlerThread:29583 [handler.py:handle_request():158] handle_request: status_report
2024-08-13 19:45:59,793 DEBUG   HandlerThread:29583 [handler.py:handle_request():158] handle_request: status_report
2024-08-13 19:46:04,830 DEBUG   HandlerThread:29583 [handler.py:handle_request():158] handle_request: status_report
2024-08-13 19:46:10,020 DEBUG   HandlerThread:29583 [handler.py:handle_request():158] handle_request: status_report
2024-08-13 19:46:15,110 DEBUG   HandlerThread:29583 [handler.py:handle_request():158] handle_request: status_report
2024-08-13 19:46:20,247 DEBUG   HandlerThread:29583 [handler.py:handle_request():158] handle_request: status_report
2024-08-13 19:46:25,306 DEBUG   HandlerThread:29583 [handler.py:handle_request():158] handle_request: status_report
2024-08-13 19:46:30,345 DEBUG   HandlerThread:29583 [handler.py:handle_request():158] handle_request: status_report
2024-08-13 19:46:35,358 DEBUG   HandlerThread:29583 [handler.py:handle_request():158] handle_request: status_report
2024-08-13 19:46:40,378 DEBUG   HandlerThread:29583 [handler.py:handle_request():158] handle_request: status_report
2024-08-13 19:46:45,400 DEBUG   HandlerThread:29583 [handler.py:handle_request():158] handle_request: status_report
2024-08-13 19:46:50,419 DEBUG   HandlerThread:29583 [handler.py:handle_request():158] handle_request: status_report
2024-08-13 19:46:55,440 DEBUG   HandlerThread:29583 [handler.py:handle_request():158] handle_request: status_report
2024-08-13 19:47:00,473 DEBUG   HandlerThread:29583 [handler.py:handle_request():158] handle_request: status_report
2024-08-13 19:47:05,486 DEBUG   HandlerThread:29583 [handler.py:handle_request():158] handle_request: status_report
2024-08-13 19:47:10,820 DEBUG   HandlerThread:29583 [handler.py:handle_request():158] handle_request: status_report
2024-08-13 19:47:15,888 DEBUG   HandlerThread:29583 [handler.py:handle_request():158] handle_request: status_report
2024-08-13 19:47:31,813 DEBUG   HandlerThread:29583 [handler.py:handle_request():158] handle_request: status_report
2024-08-13 19:47:37,145 DEBUG   HandlerThread:29583 [handler.py:handle_request():158] handle_request: status_report
2024-08-13 19:47:42,190 DEBUG   HandlerThread:29583 [handler.py:handle_request():158] handle_request: status_report
2024-08-13 19:47:47,231 DEBUG   HandlerThread:29583 [handler.py:handle_request():158] handle_request: status_report
2024-08-13 19:47:52,359 DEBUG   HandlerThread:29583 [handler.py:handle_request():158] handle_request: status_report
2024-08-13 19:47:57,490 DEBUG   HandlerThread:29583 [handler.py:handle_request():158] handle_request: status_report
2024-08-13 19:48:02,922 DEBUG   HandlerThread:29583 [handler.py:handle_request():158] handle_request: status_report
2024-08-13 19:48:07,935 DEBUG   HandlerThread:29583 [handler.py:handle_request():158] handle_request: status_report
2024-08-13 19:48:12,978 DEBUG   HandlerThread:29583 [handler.py:handle_request():158] handle_request: status_report
2024-08-13 19:48:18,045 DEBUG   HandlerThread:29583 [handler.py:handle_request():158] handle_request: status_report
2024-08-13 19:48:23,118 DEBUG   HandlerThread:29583 [handler.py:handle_request():158] handle_request: status_report
2024-08-13 19:48:28,108 DEBUG   HandlerThread:29583 [handler.py:handle_request():158] handle_request: status_report
2024-08-13 19:48:33,132 DEBUG   HandlerThread:29583 [handler.py:handle_request():158] handle_request: status_report
2024-08-13 19:48:38,152 DEBUG   HandlerThread:29583 [handler.py:handle_request():158] handle_request: status_report
2024-08-13 19:48:43,169 DEBUG   HandlerThread:29583 [handler.py:handle_request():158] handle_request: status_report
2024-08-13 19:48:48,191 DEBUG   HandlerThread:29583 [handler.py:handle_request():158] handle_request: status_report
2024-08-13 19:48:53,214 DEBUG   HandlerThread:29583 [handler.py:handle_request():158] handle_request: status_report
2024-08-13 19:48:58,236 DEBUG   HandlerThread:29583 [handler.py:handle_request():158] handle_request: status_report
2024-08-13 19:49:03,254 DEBUG   HandlerThread:29583 [handler.py:handle_request():158] handle_request: status_report
2024-08-13 19:49:08,279 DEBUG   HandlerThread:29583 [handler.py:handle_request():158] handle_request: status_report
2024-08-13 19:49:13,307 DEBUG   HandlerThread:29583 [handler.py:handle_request():158] handle_request: status_report
2024-08-13 19:49:18,331 DEBUG   HandlerThread:29583 [handler.py:handle_request():158] handle_request: status_report
2024-08-13 19:49:23,350 DEBUG   HandlerThread:29583 [handler.py:handle_request():158] handle_request: status_report
2024-08-13 19:49:28,389 DEBUG   HandlerThread:29583 [handler.py:handle_request():158] handle_request: status_report
2024-08-13 19:49:33,403 DEBUG   HandlerThread:29583 [handler.py:handle_request():158] handle_request: status_report
2024-08-13 19:49:38,425 DEBUG   HandlerThread:29583 [handler.py:handle_request():158] handle_request: status_report
2024-08-13 19:49:43,446 DEBUG   HandlerThread:29583 [handler.py:handle_request():158] handle_request: status_report
2024-08-13 19:49:48,466 DEBUG   HandlerThread:29583 [handler.py:handle_request():158] handle_request: status_report
2024-08-13 19:49:53,481 DEBUG   HandlerThread:29583 [handler.py:handle_request():158] handle_request: status_report
2024-08-13 19:49:58,502 DEBUG   HandlerThread:29583 [handler.py:handle_request():158] handle_request: status_report
2024-08-13 19:50:03,525 DEBUG   HandlerThread:29583 [handler.py:handle_request():158] handle_request: status_report
2024-08-13 19:50:08,574 DEBUG   HandlerThread:29583 [handler.py:handle_request():158] handle_request: status_report
2024-08-13 19:50:13,595 DEBUG   HandlerThread:29583 [handler.py:handle_request():158] handle_request: status_report
2024-08-13 19:50:18,620 DEBUG   HandlerThread:29583 [handler.py:handle_request():158] handle_request: status_report
2024-08-13 19:50:23,638 DEBUG   HandlerThread:29583 [handler.py:handle_request():158] handle_request: status_report
2024-08-13 19:50:28,672 DEBUG   HandlerThread:29583 [handler.py:handle_request():158] handle_request: status_report
2024-08-13 19:50:33,690 DEBUG   HandlerThread:29583 [handler.py:handle_request():158] handle_request: status_report
2024-08-13 19:50:38,707 DEBUG   HandlerThread:29583 [handler.py:handle_request():158] handle_request: status_report
2024-08-13 19:50:43,723 DEBUG   HandlerThread:29583 [handler.py:handle_request():158] handle_request: status_report
2024-08-13 19:50:48,741 DEBUG   HandlerThread:29583 [handler.py:handle_request():158] handle_request: status_report
2024-08-13 19:50:53,756 DEBUG   HandlerThread:29583 [handler.py:handle_request():158] handle_request: status_report
2024-08-13 19:50:58,792 DEBUG   HandlerThread:29583 [handler.py:handle_request():158] handle_request: status_report
2024-08-13 19:51:03,816 DEBUG   HandlerThread:29583 [handler.py:handle_request():158] handle_request: status_report
2024-08-13 19:51:08,831 DEBUG   HandlerThread:29583 [handler.py:handle_request():158] handle_request: status_report
2024-08-13 19:51:13,863 DEBUG   HandlerThread:29583 [handler.py:handle_request():158] handle_request: status_report
2024-08-13 19:51:18,877 DEBUG   HandlerThread:29583 [handler.py:handle_request():158] handle_request: status_report
2024-08-13 19:51:23,895 DEBUG   HandlerThread:29583 [handler.py:handle_request():158] handle_request: status_report
2024-08-13 19:51:28,930 DEBUG   HandlerThread:29583 [handler.py:handle_request():158] handle_request: status_report
2024-08-13 19:51:33,961 DEBUG   HandlerThread:29583 [handler.py:handle_request():158] handle_request: status_report
2024-08-13 19:51:38,978 DEBUG   HandlerThread:29583 [handler.py:handle_request():158] handle_request: status_report
2024-08-13 19:51:44,021 DEBUG   HandlerThread:29583 [handler.py:handle_request():158] handle_request: status_report
2024-08-13 19:51:49,048 DEBUG   HandlerThread:29583 [handler.py:handle_request():158] handle_request: status_report
2024-08-13 19:51:54,065 DEBUG   HandlerThread:29583 [handler.py:handle_request():158] handle_request: status_report
2024-08-13 19:51:59,092 DEBUG   HandlerThread:29583 [handler.py:handle_request():158] handle_request: status_report
2024-08-13 19:52:04,164 DEBUG   HandlerThread:29583 [handler.py:handle_request():158] handle_request: status_report
2024-08-13 19:52:09,182 DEBUG   HandlerThread:29583 [handler.py:handle_request():158] handle_request: status_report
2024-08-13 19:52:14,213 DEBUG   HandlerThread:29583 [handler.py:handle_request():158] handle_request: status_report
2024-08-13 19:52:19,229 DEBUG   HandlerThread:29583 [handler.py:handle_request():158] handle_request: status_report
2024-08-13 19:52:24,270 DEBUG   HandlerThread:29583 [handler.py:handle_request():158] handle_request: status_report
2024-08-13 19:52:29,267 DEBUG   HandlerThread:29583 [handler.py:handle_request():158] handle_request: status_report
2024-08-13 19:52:34,293 DEBUG   HandlerThread:29583 [handler.py:handle_request():158] handle_request: status_report
2024-08-13 19:52:39,313 DEBUG   HandlerThread:29583 [handler.py:handle_request():158] handle_request: status_report
2024-08-13 19:52:44,347 DEBUG   HandlerThread:29583 [handler.py:handle_request():158] handle_request: status_report
2024-08-13 19:52:49,366 DEBUG   HandlerThread:29583 [handler.py:handle_request():158] handle_request: status_report
2024-08-13 19:52:54,403 DEBUG   HandlerThread:29583 [handler.py:handle_request():158] handle_request: status_report
2024-08-13 19:52:59,422 DEBUG   HandlerThread:29583 [handler.py:handle_request():158] handle_request: status_report
2024-08-13 19:53:04,462 DEBUG   HandlerThread:29583 [handler.py:handle_request():158] handle_request: status_report
2024-08-13 19:53:09,503 DEBUG   HandlerThread:29583 [handler.py:handle_request():158] handle_request: status_report
2024-08-13 19:53:14,535 DEBUG   HandlerThread:29583 [handler.py:handle_request():158] handle_request: status_report
2024-08-13 19:53:19,579 DEBUG   HandlerThread:29583 [handler.py:handle_request():158] handle_request: status_report
2024-08-13 19:53:24,625 DEBUG   HandlerThread:29583 [handler.py:handle_request():158] handle_request: status_report
2024-08-13 19:53:29,666 DEBUG   HandlerThread:29583 [handler.py:handle_request():158] handle_request: status_report
2024-08-13 19:53:34,712 DEBUG   HandlerThread:29583 [handler.py:handle_request():158] handle_request: status_report
2024-08-13 19:53:39,743 DEBUG   HandlerThread:29583 [handler.py:handle_request():158] handle_request: status_report
2024-08-13 19:53:44,788 DEBUG   HandlerThread:29583 [handler.py:handle_request():158] handle_request: status_report
2024-08-13 19:53:49,831 DEBUG   HandlerThread:29583 [handler.py:handle_request():158] handle_request: status_report
2024-08-13 19:53:54,871 DEBUG   HandlerThread:29583 [handler.py:handle_request():158] handle_request: status_report
2024-08-13 19:53:59,926 DEBUG   HandlerThread:29583 [handler.py:handle_request():158] handle_request: status_report
2024-08-13 19:54:04,969 DEBUG   HandlerThread:29583 [handler.py:handle_request():158] handle_request: status_report
2024-08-13 19:54:10,023 DEBUG   HandlerThread:29583 [handler.py:handle_request():158] handle_request: status_report
2024-08-13 19:54:15,064 DEBUG   HandlerThread:29583 [handler.py:handle_request():158] handle_request: status_report
2024-08-13 19:54:20,141 DEBUG   HandlerThread:29583 [handler.py:handle_request():158] handle_request: status_report
2024-08-13 19:54:25,180 DEBUG   HandlerThread:29583 [handler.py:handle_request():158] handle_request: status_report
2024-08-13 19:54:30,233 DEBUG   HandlerThread:29583 [handler.py:handle_request():158] handle_request: status_report
2024-08-13 19:54:35,284 DEBUG   HandlerThread:29583 [handler.py:handle_request():158] handle_request: status_report
2024-08-13 19:54:40,332 DEBUG   HandlerThread:29583 [handler.py:handle_request():158] handle_request: status_report
2024-08-13 19:54:45,373 DEBUG   HandlerThread:29583 [handler.py:handle_request():158] handle_request: status_report
2024-08-13 19:54:50,412 DEBUG   HandlerThread:29583 [handler.py:handle_request():158] handle_request: status_report
2024-08-13 19:54:55,439 DEBUG   HandlerThread:29583 [handler.py:handle_request():158] handle_request: status_report
2024-08-13 19:55:00,482 DEBUG   HandlerThread:29583 [handler.py:handle_request():158] handle_request: status_report
2024-08-13 19:55:05,527 DEBUG   HandlerThread:29583 [handler.py:handle_request():158] handle_request: status_report
2024-08-13 19:55:10,571 DEBUG   HandlerThread:29583 [handler.py:handle_request():158] handle_request: status_report
2024-08-13 19:55:15,615 DEBUG   HandlerThread:29583 [handler.py:handle_request():158] handle_request: status_report
2024-08-13 19:55:20,639 DEBUG   HandlerThread:29583 [handler.py:handle_request():158] handle_request: status_report
2024-08-13 19:55:25,672 DEBUG   HandlerThread:29583 [handler.py:handle_request():158] handle_request: status_report
2024-08-13 19:55:30,714 DEBUG   HandlerThread:29583 [handler.py:handle_request():158] handle_request: status_report
2024-08-13 19:55:35,794 DEBUG   HandlerThread:29583 [handler.py:handle_request():158] handle_request: status_report
2024-08-13 19:55:40,824 DEBUG   HandlerThread:29583 [handler.py:handle_request():158] handle_request: status_report
2024-08-13 19:55:45,853 DEBUG   HandlerThread:29583 [handler.py:handle_request():158] handle_request: status_report
2024-08-13 19:55:50,906 DEBUG   HandlerThread:29583 [handler.py:handle_request():158] handle_request: status_report
2024-08-13 19:55:55,948 DEBUG   HandlerThread:29583 [handler.py:handle_request():158] handle_request: status_report
2024-08-13 19:56:01,062 DEBUG   HandlerThread:29583 [handler.py:handle_request():158] handle_request: status_report
2024-08-13 19:56:06,095 DEBUG   HandlerThread:29583 [handler.py:handle_request():158] handle_request: status_report
2024-08-13 19:56:11,140 DEBUG   HandlerThread:29583 [handler.py:handle_request():158] handle_request: status_report
2024-08-13 19:56:16,246 DEBUG   HandlerThread:29583 [handler.py:handle_request():158] handle_request: status_report
2024-08-13 19:56:21,281 DEBUG   HandlerThread:29583 [handler.py:handle_request():158] handle_request: status_report
2024-08-13 19:56:26,326 DEBUG   HandlerThread:29583 [handler.py:handle_request():158] handle_request: status_report
2024-08-13 19:56:31,364 DEBUG   HandlerThread:29583 [handler.py:handle_request():158] handle_request: status_report
2024-08-13 19:56:36,400 DEBUG   HandlerThread:29583 [handler.py:handle_request():158] handle_request: status_report
2024-08-13 19:56:41,440 DEBUG   HandlerThread:29583 [handler.py:handle_request():158] handle_request: status_report
2024-08-13 19:56:46,480 DEBUG   HandlerThread:29583 [handler.py:handle_request():158] handle_request: status_report
2024-08-13 19:56:51,519 DEBUG   HandlerThread:29583 [handler.py:handle_request():158] handle_request: status_report
2024-08-13 19:56:56,576 DEBUG   HandlerThread:29583 [handler.py:handle_request():158] handle_request: status_report
2024-08-13 19:57:01,604 DEBUG   HandlerThread:29583 [handler.py:handle_request():158] handle_request: status_report
2024-08-13 19:57:06,653 DEBUG   HandlerThread:29583 [handler.py:handle_request():158] handle_request: status_report
2024-08-13 19:57:11,694 DEBUG   HandlerThread:29583 [handler.py:handle_request():158] handle_request: status_report
2024-08-13 19:57:16,739 DEBUG   HandlerThread:29583 [handler.py:handle_request():158] handle_request: status_report
2024-08-13 19:57:21,774 DEBUG   HandlerThread:29583 [handler.py:handle_request():158] handle_request: status_report
2024-08-13 19:57:26,818 DEBUG   HandlerThread:29583 [handler.py:handle_request():158] handle_request: status_report
2024-08-13 19:57:31,870 DEBUG   HandlerThread:29583 [handler.py:handle_request():158] handle_request: status_report
2024-08-13 19:57:36,907 DEBUG   HandlerThread:29583 [handler.py:handle_request():158] handle_request: status_report
2024-08-13 19:57:41,945 DEBUG   HandlerThread:29583 [handler.py:handle_request():158] handle_request: status_report
2024-08-13 19:57:46,982 DEBUG   HandlerThread:29583 [handler.py:handle_request():158] handle_request: status_report
2024-08-13 19:57:52,018 DEBUG   HandlerThread:29583 [handler.py:handle_request():158] handle_request: status_report
2024-08-13 19:57:57,068 DEBUG   HandlerThread:29583 [handler.py:handle_request():158] handle_request: status_report
2024-08-13 19:58:02,115 DEBUG   HandlerThread:29583 [handler.py:handle_request():158] handle_request: status_report
2024-08-13 19:58:07,165 DEBUG   HandlerThread:29583 [handler.py:handle_request():158] handle_request: status_report
2024-08-13 19:58:12,233 DEBUG   HandlerThread:29583 [handler.py:handle_request():158] handle_request: status_report
2024-08-13 19:58:17,302 DEBUG   HandlerThread:29583 [handler.py:handle_request():158] handle_request: status_report
2024-08-13 19:58:22,338 DEBUG   HandlerThread:29583 [handler.py:handle_request():158] handle_request: status_report
2024-08-13 19:58:27,376 DEBUG   HandlerThread:29583 [handler.py:handle_request():158] handle_request: status_report
2024-08-13 19:58:32,430 DEBUG   HandlerThread:29583 [handler.py:handle_request():158] handle_request: status_report
2024-08-13 19:58:37,489 DEBUG   HandlerThread:29583 [handler.py:handle_request():158] handle_request: status_report
2024-08-13 19:58:42,512 DEBUG   HandlerThread:29583 [handler.py:handle_request():158] handle_request: status_report
2024-08-13 19:58:47,555 DEBUG   HandlerThread:29583 [handler.py:handle_request():158] handle_request: status_report
2024-08-13 19:58:52,596 DEBUG   HandlerThread:29583 [handler.py:handle_request():158] handle_request: status_report
2024-08-13 19:58:57,642 DEBUG   HandlerThread:29583 [handler.py:handle_request():158] handle_request: status_report
2024-08-13 19:59:02,717 DEBUG   HandlerThread:29583 [handler.py:handle_request():158] handle_request: status_report
2024-08-13 19:59:07,723 DEBUG   HandlerThread:29583 [handler.py:handle_request():158] handle_request: status_report
2024-08-13 19:59:12,734 DEBUG   HandlerThread:29583 [handler.py:handle_request():158] handle_request: status_report
2024-08-13 19:59:17,787 DEBUG   HandlerThread:29583 [handler.py:handle_request():158] handle_request: status_report
2024-08-13 19:59:22,813 DEBUG   HandlerThread:29583 [handler.py:handle_request():158] handle_request: status_report
2024-08-13 19:59:27,841 DEBUG   HandlerThread:29583 [handler.py:handle_request():158] handle_request: status_report
2024-08-13 19:59:32,862 DEBUG   HandlerThread:29583 [handler.py:handle_request():158] handle_request: status_report
2024-08-13 19:59:37,902 DEBUG   HandlerThread:29583 [handler.py:handle_request():158] handle_request: status_report
2024-08-13 19:59:42,946 DEBUG   HandlerThread:29583 [handler.py:handle_request():158] handle_request: status_report
2024-08-13 19:59:47,966 DEBUG   HandlerThread:29583 [handler.py:handle_request():158] handle_request: status_report
2024-08-13 19:59:52,997 DEBUG   HandlerThread:29583 [handler.py:handle_request():158] handle_request: status_report
2024-08-13 19:59:58,037 DEBUG   HandlerThread:29583 [handler.py:handle_request():158] handle_request: status_report
2024-08-13 20:00:03,063 DEBUG   HandlerThread:29583 [handler.py:handle_request():158] handle_request: status_report
2024-08-13 20:00:08,098 DEBUG   HandlerThread:29583 [handler.py:handle_request():158] handle_request: status_report
2024-08-13 20:00:13,239 DEBUG   HandlerThread:29583 [handler.py:handle_request():158] handle_request: status_report
2024-08-13 20:00:18,256 DEBUG   HandlerThread:29583 [handler.py:handle_request():158] handle_request: status_report
2024-08-13 20:00:23,289 DEBUG   HandlerThread:29583 [handler.py:handle_request():158] handle_request: status_report
2024-08-13 20:00:28,319 DEBUG   HandlerThread:29583 [handler.py:handle_request():158] handle_request: status_report
2024-08-13 20:00:33,333 DEBUG   HandlerThread:29583 [handler.py:handle_request():158] handle_request: status_report
2024-08-13 20:00:38,368 DEBUG   HandlerThread:29583 [handler.py:handle_request():158] handle_request: status_report
2024-08-13 20:00:43,407 DEBUG   HandlerThread:29583 [handler.py:handle_request():158] handle_request: status_report
2024-08-13 20:00:48,429 DEBUG   HandlerThread:29583 [handler.py:handle_request():158] handle_request: status_report
2024-08-13 20:00:53,458 DEBUG   HandlerThread:29583 [handler.py:handle_request():158] handle_request: status_report
2024-08-13 20:00:58,481 DEBUG   HandlerThread:29583 [handler.py:handle_request():158] handle_request: status_report
2024-08-13 20:01:03,543 DEBUG   HandlerThread:29583 [handler.py:handle_request():158] handle_request: status_report
2024-08-13 20:01:08,582 DEBUG   HandlerThread:29583 [handler.py:handle_request():158] handle_request: status_report
2024-08-13 20:01:13,606 DEBUG   HandlerThread:29583 [handler.py:handle_request():158] handle_request: status_report
2024-08-13 20:01:18,633 DEBUG   HandlerThread:29583 [handler.py:handle_request():158] handle_request: status_report
2024-08-13 20:01:23,648 DEBUG   HandlerThread:29583 [handler.py:handle_request():158] handle_request: status_report
2024-08-13 20:01:28,687 DEBUG   HandlerThread:29583 [handler.py:handle_request():158] handle_request: status_report
2024-08-13 20:01:34,320 DEBUG   HandlerThread:29583 [handler.py:handle_request():158] handle_request: status_report
2024-08-13 20:01:39,095 DEBUG   HandlerThread:29583 [handler.py:handle_request():158] handle_request: status_report
2024-08-13 20:01:44,130 DEBUG   HandlerThread:29583 [handler.py:handle_request():158] handle_request: status_report
2024-08-13 20:01:49,154 DEBUG   HandlerThread:29583 [handler.py:handle_request():158] handle_request: status_report
2024-08-13 20:01:54,168 DEBUG   HandlerThread:29583 [handler.py:handle_request():158] handle_request: status_report
2024-08-13 20:01:59,193 DEBUG   HandlerThread:29583 [handler.py:handle_request():158] handle_request: status_report
2024-08-13 20:02:04,220 DEBUG   HandlerThread:29583 [handler.py:handle_request():158] handle_request: status_report
2024-08-13 20:02:09,269 DEBUG   HandlerThread:29583 [handler.py:handle_request():158] handle_request: status_report
2024-08-13 20:02:14,298 DEBUG   HandlerThread:29583 [handler.py:handle_request():158] handle_request: status_report
2024-08-13 20:02:19,323 DEBUG   HandlerThread:29583 [handler.py:handle_request():158] handle_request: status_report
2024-08-13 20:02:24,348 DEBUG   HandlerThread:29583 [handler.py:handle_request():158] handle_request: status_report
2024-08-13 20:02:29,368 DEBUG   HandlerThread:29583 [handler.py:handle_request():158] handle_request: status_report
2024-08-13 20:02:34,390 DEBUG   HandlerThread:29583 [handler.py:handle_request():158] handle_request: status_report
2024-08-13 20:02:39,414 DEBUG   HandlerThread:29583 [handler.py:handle_request():158] handle_request: status_report
2024-08-13 20:02:44,465 DEBUG   HandlerThread:29583 [handler.py:handle_request():158] handle_request: status_report
2024-08-13 20:02:49,468 DEBUG   HandlerThread:29583 [handler.py:handle_request():158] handle_request: status_report
2024-08-13 20:02:54,488 DEBUG   HandlerThread:29583 [handler.py:handle_request():158] handle_request: status_report
2024-08-13 20:02:59,506 DEBUG   HandlerThread:29583 [handler.py:handle_request():158] handle_request: status_report
2024-08-13 20:03:04,530 DEBUG   HandlerThread:29583 [handler.py:handle_request():158] handle_request: status_report
2024-08-13 20:03:09,568 DEBUG   HandlerThread:29583 [handler.py:handle_request():158] handle_request: status_report
2024-08-13 20:03:14,587 DEBUG   HandlerThread:29583 [handler.py:handle_request():158] handle_request: status_report
2024-08-13 20:03:19,605 DEBUG   HandlerThread:29583 [handler.py:handle_request():158] handle_request: status_report
2024-08-13 20:03:25,000 DEBUG   HandlerThread:29583 [handler.py:handle_request():158] handle_request: status_report
2024-08-13 20:03:30,040 DEBUG   HandlerThread:29583 [handler.py:handle_request():158] handle_request: status_report
2024-08-13 20:03:35,071 DEBUG   HandlerThread:29583 [handler.py:handle_request():158] handle_request: status_report
2024-08-13 20:03:40,107 DEBUG   HandlerThread:29583 [handler.py:handle_request():158] handle_request: status_report
2024-08-13 20:03:45,134 DEBUG   HandlerThread:29583 [handler.py:handle_request():158] handle_request: status_report
2024-08-13 20:03:50,166 DEBUG   HandlerThread:29583 [handler.py:handle_request():158] handle_request: status_report
2024-08-13 20:03:55,183 DEBUG   HandlerThread:29583 [handler.py:handle_request():158] handle_request: status_report
2024-08-13 20:04:00,223 DEBUG   HandlerThread:29583 [handler.py:handle_request():158] handle_request: status_report
2024-08-13 20:04:05,397 DEBUG   HandlerThread:29583 [handler.py:handle_request():158] handle_request: status_report
2024-08-13 20:04:11,305 DEBUG   HandlerThread:29583 [handler.py:handle_request():158] handle_request: status_report
2024-08-13 20:04:16,312 DEBUG   HandlerThread:29583 [handler.py:handle_request():158] handle_request: status_report
2024-08-13 20:04:21,342 DEBUG   HandlerThread:29583 [handler.py:handle_request():158] handle_request: status_report
2024-08-13 20:04:26,367 DEBUG   HandlerThread:29583 [handler.py:handle_request():158] handle_request: status_report
2024-08-13 20:04:31,789 DEBUG   HandlerThread:29583 [handler.py:handle_request():158] handle_request: status_report
2024-08-13 20:04:36,799 DEBUG   HandlerThread:29583 [handler.py:handle_request():158] handle_request: status_report
2024-08-13 20:04:41,814 DEBUG   HandlerThread:29583 [handler.py:handle_request():158] handle_request: status_report
2024-08-13 20:04:46,831 DEBUG   HandlerThread:29583 [handler.py:handle_request():158] handle_request: status_report
2024-08-13 20:04:51,847 DEBUG   HandlerThread:29583 [handler.py:handle_request():158] handle_request: status_report
2024-08-13 20:04:56,899 DEBUG   HandlerThread:29583 [handler.py:handle_request():158] handle_request: status_report
2024-08-13 20:05:01,918 DEBUG   HandlerThread:29583 [handler.py:handle_request():158] handle_request: status_report
2024-08-13 20:05:06,943 DEBUG   HandlerThread:29583 [handler.py:handle_request():158] handle_request: status_report
2024-08-13 20:05:11,992 DEBUG   HandlerThread:29583 [handler.py:handle_request():158] handle_request: status_report
2024-08-13 20:05:17,036 DEBUG   HandlerThread:29583 [handler.py:handle_request():158] handle_request: status_report
2024-08-13 20:05:22,054 DEBUG   HandlerThread:29583 [handler.py:handle_request():158] handle_request: status_report
2024-08-13 20:05:27,079 DEBUG   HandlerThread:29583 [handler.py:handle_request():158] handle_request: status_report
2024-08-13 20:05:32,105 DEBUG   HandlerThread:29583 [handler.py:handle_request():158] handle_request: status_report
2024-08-13 20:05:37,245 DEBUG   HandlerThread:29583 [handler.py:handle_request():158] handle_request: status_report
2024-08-13 20:05:42,266 DEBUG   HandlerThread:29583 [handler.py:handle_request():158] handle_request: status_report
2024-08-13 20:05:47,304 DEBUG   HandlerThread:29583 [handler.py:handle_request():158] handle_request: status_report
2024-08-13 20:05:52,319 DEBUG   HandlerThread:29583 [handler.py:handle_request():158] handle_request: status_report
2024-08-13 20:05:57,373 DEBUG   HandlerThread:29583 [handler.py:handle_request():158] handle_request: status_report
2024-08-13 20:06:02,400 DEBUG   HandlerThread:29583 [handler.py:handle_request():158] handle_request: status_report
2024-08-13 20:06:07,429 DEBUG   HandlerThread:29583 [handler.py:handle_request():158] handle_request: status_report
2024-08-13 20:06:12,498 DEBUG   HandlerThread:29583 [handler.py:handle_request():158] handle_request: status_report
2024-08-13 20:06:17,511 DEBUG   HandlerThread:29583 [handler.py:handle_request():158] handle_request: status_report
2024-08-13 20:06:22,540 DEBUG   HandlerThread:29583 [handler.py:handle_request():158] handle_request: status_report
2024-08-13 20:06:27,586 DEBUG   HandlerThread:29583 [handler.py:handle_request():158] handle_request: status_report
2024-08-13 20:06:32,591 DEBUG   HandlerThread:29583 [handler.py:handle_request():158] handle_request: status_report
2024-08-13 20:06:37,627 DEBUG   HandlerThread:29583 [handler.py:handle_request():158] handle_request: status_report
2024-08-13 20:06:42,646 DEBUG   HandlerThread:29583 [handler.py:handle_request():158] handle_request: status_report
2024-08-13 20:06:47,674 DEBUG   HandlerThread:29583 [handler.py:handle_request():158] handle_request: status_report
2024-08-13 20:06:52,703 DEBUG   HandlerThread:29583 [handler.py:handle_request():158] handle_request: status_report
2024-08-13 20:06:57,739 DEBUG   HandlerThread:29583 [handler.py:handle_request():158] handle_request: status_report
2024-08-13 20:07:02,758 DEBUG   HandlerThread:29583 [handler.py:handle_request():158] handle_request: status_report
2024-08-13 20:07:07,778 DEBUG   HandlerThread:29583 [handler.py:handle_request():158] handle_request: status_report
2024-08-13 20:07:12,800 DEBUG   HandlerThread:29583 [handler.py:handle_request():158] handle_request: status_report
2024-08-13 20:07:17,837 DEBUG   HandlerThread:29583 [handler.py:handle_request():158] handle_request: status_report
2024-08-13 20:07:22,859 DEBUG   HandlerThread:29583 [handler.py:handle_request():158] handle_request: status_report
2024-08-13 20:07:27,874 DEBUG   HandlerThread:29583 [handler.py:handle_request():158] handle_request: status_report
2024-08-13 20:07:32,894 DEBUG   HandlerThread:29583 [handler.py:handle_request():158] handle_request: status_report
2024-08-13 20:07:37,919 DEBUG   HandlerThread:29583 [handler.py:handle_request():158] handle_request: status_report
2024-08-13 20:07:42,939 DEBUG   HandlerThread:29583 [handler.py:handle_request():158] handle_request: status_report
2024-08-13 20:07:48,082 DEBUG   HandlerThread:29583 [handler.py:handle_request():158] handle_request: status_report
2024-08-13 20:07:53,104 DEBUG   HandlerThread:29583 [handler.py:handle_request():158] handle_request: status_report
2024-08-13 20:07:58,124 DEBUG   HandlerThread:29583 [handler.py:handle_request():158] handle_request: status_report
2024-08-13 20:08:03,165 DEBUG   HandlerThread:29583 [handler.py:handle_request():158] handle_request: status_report
2024-08-13 20:08:08,188 DEBUG   HandlerThread:29583 [handler.py:handle_request():158] handle_request: status_report
2024-08-13 20:08:13,218 DEBUG   HandlerThread:29583 [handler.py:handle_request():158] handle_request: status_report
2024-08-13 20:08:18,241 DEBUG   HandlerThread:29583 [handler.py:handle_request():158] handle_request: status_report
2024-08-13 20:08:23,429 DEBUG   HandlerThread:29583 [handler.py:handle_request():158] handle_request: status_report
2024-08-13 20:08:28,491 DEBUG   HandlerThread:29583 [handler.py:handle_request():158] handle_request: status_report
2024-08-13 20:08:33,509 DEBUG   HandlerThread:29583 [handler.py:handle_request():158] handle_request: status_report
2024-08-13 20:08:38,527 DEBUG   HandlerThread:29583 [handler.py:handle_request():158] handle_request: status_report
2024-08-13 20:08:43,559 DEBUG   HandlerThread:29583 [handler.py:handle_request():158] handle_request: status_report
2024-08-13 20:08:48,581 DEBUG   HandlerThread:29583 [handler.py:handle_request():158] handle_request: status_report
2024-08-13 20:08:53,627 DEBUG   HandlerThread:29583 [handler.py:handle_request():158] handle_request: status_report
2024-08-13 20:08:58,634 DEBUG   HandlerThread:29583 [handler.py:handle_request():158] handle_request: status_report
2024-08-13 20:09:03,676 DEBUG   HandlerThread:29583 [handler.py:handle_request():158] handle_request: status_report
2024-08-13 20:09:08,696 DEBUG   HandlerThread:29583 [handler.py:handle_request():158] handle_request: status_report
2024-08-13 20:09:13,719 DEBUG   HandlerThread:29583 [handler.py:handle_request():158] handle_request: status_report
2024-08-13 20:09:18,740 DEBUG   HandlerThread:29583 [handler.py:handle_request():158] handle_request: status_report
2024-08-13 20:09:23,774 DEBUG   HandlerThread:29583 [handler.py:handle_request():158] handle_request: status_report
2024-08-13 20:09:28,790 DEBUG   HandlerThread:29583 [handler.py:handle_request():158] handle_request: status_report
